[debug] [2022-09-07T15:48:37.755Z] ----------------------------------------------------------------------
[debug] [2022-09-07T15:48:37.758Z] Command:       C:\Program Files\nodejs\node.exe C:\Users\Marius\AppData\Roaming\npm\node_modules\firebase-tools\lib\bin\firebase.js deploy --only functions
[debug] [2022-09-07T15:48:37.758Z] CLI Version:   11.3.0
[debug] [2022-09-07T15:48:37.758Z] Platform:      win32
[debug] [2022-09-07T15:48:37.758Z] Node Version:  v16.15.0
[debug] [2022-09-07T15:48:37.759Z] Time:          Wed Sep 07 2022 18:48:37 GMT+0300 (Eastern European Summer Time)
[debug] [2022-09-07T15:48:37.760Z] ----------------------------------------------------------------------
[debug] 
[debug] [2022-09-07T15:48:37.846Z] > command requires scopes: ["email","openid","https://www.googleapis.com/auth/cloudplatformprojects.readonly","https://www.googleapis.com/auth/firebase","https://www.googleapis.com/auth/cloud-platform"]
[debug] [2022-09-07T15:48:37.846Z] > authorizing via signed-in user (dobre.marius70@gmail.com)
[debug] [2022-09-07T15:48:37.846Z] [iam] checking project investitoriiromania for permissions ["cloudfunctions.functions.create","cloudfunctions.functions.delete","cloudfunctions.functions.get","cloudfunctions.functions.list","cloudfunctions.functions.update","cloudfunctions.operations.get","firebase.projects.get"]
[debug] [2022-09-07T15:48:37.848Z] > refreshing access token with scopes: []
[debug] [2022-09-07T15:48:37.851Z] >>> [apiv2][query] POST https://www.googleapis.com/oauth2/v3/token [none]
[debug] [2022-09-07T15:48:37.851Z] >>> [apiv2][body] POST https://www.googleapis.com/oauth2/v3/token [omitted]
[debug] [2022-09-07T15:48:38.010Z] <<< [apiv2][status] POST https://www.googleapis.com/oauth2/v3/token 200
[debug] [2022-09-07T15:48:38.010Z] <<< [apiv2][body] POST https://www.googleapis.com/oauth2/v3/token [omitted]
[debug] [2022-09-07T15:48:38.020Z] >>> [apiv2][query] POST https://cloudresourcemanager.googleapis.com/v1/projects/investitoriiromania:testIamPermissions [none]
[debug] [2022-09-07T15:48:38.020Z] >>> [apiv2][body] POST https://cloudresourcemanager.googleapis.com/v1/projects/investitoriiromania:testIamPermissions {"permissions":["cloudfunctions.functions.create","cloudfunctions.functions.delete","cloudfunctions.functions.get","cloudfunctions.functions.list","cloudfunctions.functions.update","cloudfunctions.operations.get","firebase.projects.get"]}
[debug] [2022-09-07T15:48:38.893Z] <<< [apiv2][status] POST https://cloudresourcemanager.googleapis.com/v1/projects/investitoriiromania:testIamPermissions 200
[debug] [2022-09-07T15:48:38.894Z] <<< [apiv2][body] POST https://cloudresourcemanager.googleapis.com/v1/projects/investitoriiromania:testIamPermissions {"permissions":["cloudfunctions.functions.create","cloudfunctions.functions.delete","cloudfunctions.functions.get","cloudfunctions.functions.list","cloudfunctions.functions.update","cloudfunctions.operations.get","firebase.projects.get"]}
[debug] [2022-09-07T15:48:38.894Z] >>> [apiv2][query] POST https://iam.googleapis.com/v1/projects/investitoriiromania/serviceAccounts/investitoriiromania@appspot.gserviceaccount.com:testIamPermissions [none]
[debug] [2022-09-07T15:48:38.894Z] >>> [apiv2][body] POST https://iam.googleapis.com/v1/projects/investitoriiromania/serviceAccounts/investitoriiromania@appspot.gserviceaccount.com:testIamPermissions {"permissions":["iam.serviceAccounts.actAs"]}
[debug] [2022-09-07T15:48:39.659Z] <<< [apiv2][status] POST https://iam.googleapis.com/v1/projects/investitoriiromania/serviceAccounts/investitoriiromania@appspot.gserviceaccount.com:testIamPermissions 200
[debug] [2022-09-07T15:48:39.659Z] <<< [apiv2][body] POST https://iam.googleapis.com/v1/projects/investitoriiromania/serviceAccounts/investitoriiromania@appspot.gserviceaccount.com:testIamPermissions {"permissions":["iam.serviceAccounts.actAs"]}
[info] 
[info] === Deploying to 'investitoriiromania'...
[info] 
[info] i  deploying functions 
[debug] [2022-09-07T15:48:39.664Z] >>> [apiv2][query] GET https://firebase.googleapis.com/v1beta1/projects/investitoriiromania [none]
[debug] [2022-09-07T15:48:39.944Z] <<< [apiv2][status] GET https://firebase.googleapis.com/v1beta1/projects/investitoriiromania 200
[debug] [2022-09-07T15:48:39.944Z] <<< [apiv2][body] GET https://firebase.googleapis.com/v1beta1/projects/investitoriiromania {"projectId":"investitoriiromania","projectNumber":"781921499389","displayName":"investitoriiromania","name":"projects/investitoriiromania","resources":{"hostingSite":"investitoriiromania","storageBucket":"investitoriiromania.appspot.com","locationId":"europe-west"},"state":"ACTIVE","etag":"1_e501b40d-53c4-4089-9003-8de80f130324"}
[info] i  functions: ensuring required API cloudfunctions.googleapis.com is enabled... 
[info] i  functions: ensuring required API cloudbuild.googleapis.com is enabled... 
[info] i  artifactregistry: ensuring required API artifactregistry.googleapis.com is enabled... 
[debug] [2022-09-07T15:48:39.947Z] >>> [apiv2][query] GET https://serviceusage.googleapis.com/v1/projects/investitoriiromania/services/cloudfunctions.googleapis.com [none]
[debug] [2022-09-07T15:48:39.948Z] >>> [apiv2][query] GET https://serviceusage.googleapis.com/v1/projects/investitoriiromania/services/runtimeconfig.googleapis.com [none]
[debug] [2022-09-07T15:48:39.949Z] >>> [apiv2][query] GET https://serviceusage.googleapis.com/v1/projects/investitoriiromania/services/cloudbuild.googleapis.com [none]
[debug] [2022-09-07T15:48:39.950Z] >>> [apiv2][query] GET https://serviceusage.googleapis.com/v1/projects/investitoriiromania/services/artifactregistry.googleapis.com [none]
